<?xml version="1.0" encoding="UTF-8" ?>
<testsuite tests="5" failures="0" name="service.EventServiceTest" time="0.264" errors="0" skipped="0">
  <properties>
[...]
</properties>
  <testcase classname="service.EventServiceTest" name="testSave" time="0.26"/>
  <testcase classname="service.EventServiceTest" name="testGetById" time="0.001"/>
  <testcase classname="service.EventServiceTest" name="testDeleteById" time="0.001"/>
  <testcase classname="service.EventServiceTest" name="testGetAll" time="0.001"/>
  <testcase classname="service.EventServiceTest" name="testUpdate" time="0.001"/>
</testsuite>